<?xml version="1.0" encoding="UTF-8"?>
<!-- Generated by org.testng.reporters.JUnitReportReporter -->
<testsuite skipped="0" hostname="IBM-Testing01" name="com.training.sanity.tests.LoginTests" tests="1" failures="0" timestamp="21 Jan 2020 03:15:22 GMT" time="8.986" errors="0">
  <testcase name="validLoginTest" time="8.986" classname="com.training.sanity.tests.LoginTests"/>
</testsuite> <!-- com.training.sanity.tests.LoginTests -->
