<?xml version="1.0" encoding="UTF-8"?>
<!-- Generated by org.testng.reporters.JUnitReportReporter -->
<testsuite skipped="0" hostname="IBM-Testing01" name="com.training.sanity.tests.CYTC_027MemberPayment" tests="1" failures="0" timestamp="14 Jan 2020 08:43:48 GMT" time="33.789" errors="0">
  <testcase name="ManageLoan" time="33.789" classname="com.training.sanity.tests.CYTC_027MemberPayment"/>
</testsuite> <!-- com.training.sanity.tests.CYTC_027MemberPayment -->
