<?xml version="1.0" encoding="UTF-8"?>
<!-- Generated by org.testng.reporters.JUnitReportReporter -->
<testsuite skipped="0" hostname="IBM-Testing01" name="com.training.sanity.tests.CYTC_028MessageTests" tests="1" failures="0" timestamp="16 Jan 2020 08:58:07 GMT" time="35.223" errors="0">
  <testcase name="ManageLoan" time="35.223" classname="com.training.sanity.tests.CYTC_028MessageTests"/>
</testsuite> <!-- com.training.sanity.tests.CYTC_028MessageTests -->
