<?xml version="1.0" encoding="UTF-8"?>
<!-- Generated by org.testng.reporters.JUnitReportReporter -->
<testsuite skipped="0" hostname="IBM-Testing01" name="com.training.sanity.tests.CYTC_030SA" tests="1" failures="0" timestamp="16 Jan 2020 09:03:50 GMT" time="14.855" errors="0">
  <testcase name="ManageLoan" time="14.855" classname="com.training.sanity.tests.CYTC_030SA"/>
</testsuite> <!-- com.training.sanity.tests.CYTC_030SA -->
