<?xml version="1.0" encoding="UTF-8"?>
<!-- Generated by org.testng.reporters.JUnitReportReporter -->
<testsuite skipped="0" hostname="IBM-Testing01" name="com.training.sanity.tests.CYTC_029PrintReport" tests="1" failures="0" timestamp="16 Jan 2020 09:04:27 GMT" time="14.666" errors="0">
  <testcase name="ManageLoan" time="14.666" classname="com.training.sanity.tests.CYTC_029PrintReport"/>
</testsuite> <!-- com.training.sanity.tests.CYTC_029PrintReport -->
