<?xml version="1.0" encoding="UTF-8"?>
<!-- Generated by org.testng.reporters.JUnitReportReporter -->
<testsuite skipped="0" hostname="IBM-Testing01" name="com.training.sanity.tests.CYTC_043Messageadminstration" tests="1" failures="0" timestamp="20 Jan 2020 07:58:49 GMT" time="18.015" errors="0">
  <testcase name="Messageadm" time="18.015" classname="com.training.sanity.tests.CYTC_043Messageadminstration"/>
</testsuite> <!-- com.training.sanity.tests.CYTC_043Messageadminstration -->
